Working directory: C:\Workspace\deployd\novel-online
max socket is  Infinity
Working directory: C:\Workspace\deployd\novel-online
max socket is  Infinity
Working directory: C:\Workspace\deployd\novel-online
max socket is  Infinity
Working directory: C:\Workspace\deployd\novel-online
max socket is  Infinity
Working directory: C:\Workspace\deployd\novel-online
max socket is  Infinity
Working directory: C:\Workspace\deployd\novel-online
max socket is  Infinity
Working directory: C:\Workspace\deployd\novel-online
max socket is  Infinity
Working directory: C:\Workspace\deployd\novel-online
max socket is  Infinity
Working directory: C:\Workspace\deployd\novel-online
max socket is  Infinity
Working directory: C:\Workspace\deployd\novel-online
max socket is  Infinity
Working directory: C:\Workspace\deployd\novel-online
max socket is  Infinity
Working directory: C:\Workspace\deployd\novel-online
max socket is  Infinity
Working directory: C:\Workspace\deployd\novel-online
max socket is  Infinity
Working directory: C:\Workspace\deployd\novel-online
max socket is  Infinity
Working directory: C:\Workspace\deployd\novel-online
max socket is  Infinity
Working directory: C:\Workspace\deployd\novel-online
max socket is  Infinity
Working directory: C:\Workspace\deployd\novel-online
max socket is  Infinity
Working directory: C:\Workspace\deployd\novel-online
max socket is  Infinity
Working directory: C:\Workspace\deployd\novel-online
max socket is  Infinity
Working directory: C:\Workspace\deployd\novel-online
max socket is  Infinity
Working directory: C:\Workspace\deployd\novel-online
max socket is  Infinity
Working directory: C:\Workspace\deployd\novel-online
max socket is  Infinity
Working directory: C:\Workspace\deployd\novel-online
max socket is  Infinity
Working directory: C:\Workspace\deployd\novel-online
max socket is  Infinity
Working directory: C:\Workspace\deployd\novel-online
max socket is  Infinity
Working directory: C:\Workspace\deployd\novel-online
max socket is  Infinity
Working directory: C:\Workspace\deployd\novel-online
max socket is  Infinity
Working directory: C:\Workspace\deployd\novel-online
max socket is  Infinity
Working directory: C:\Workspace\deployd\novel-online
max socket is  Infinity
Working directory: C:\Workspace\deployd\novel-online
max socket is  Infinity
Working directory: C:\Workspace\deployd\novel-online
max socket is  Infinity
Working directory: C:\Workspace\deployd\novel-online
max socket is  Infinity
Working directory: C:\Workspace\deployd\novel-online
max socket is  Infinity
Working directory: C:\Workspace\deployd\novel-online
max socket is  Infinity
Working directory: C:\Workspace\deployd\novel-online
max socket is  Infinity
Working directory: C:\Workspace\deployd\novel-online
max socket is  Infinity
Working directory: C:\Workspace\deployd\novel-online
max socket is  Infinity
Working directory: C:\Workspace\deployd\novel-online
max socket is  Infinity
Working directory: C:\Workspace\deployd\novel-online
max socket is  Infinity
Working directory: C:\Workspace\deployd\novel-online
max socket is  Infinity
Working directory: C:\Workspace\deployd\novel-online
max socket is  Infinity
Working directory: C:\Workspace\deployd\novel-online
max socket is  Infinity
Working directory: C:\Workspace\deployd\novel-online
max socket is  Infinity
Working directory: C:\Workspace\deployd\novel-online
max socket is  Infinity
Working directory: C:\Workspace\deployd\novel-online
max socket is  Infinity
Working directory: C:\Workspace\deployd\novel-online
max socket is  Infinity
Working directory: C:\Workspace\deployd\novel-online
max socket is  Infinity
Working directory: C:\Workspace\deployd\novel-online
max socket is  Infinity
Working directory: C:\Workspace\deployd\novel-online
max socket is  Infinity
Working directory: C:\Workspace\deployd\novel-online
max socket is  Infinity
Working directory: C:\Workspace\deployd\novel-online
max socket is  Infinity
Working directory: C:\Workspace\deployd\novel-online
max socket is  Infinity
Working directory: C:\Workspace\deployd\novel-online
max socket is  Infinity
Working directory: C:\Workspace\deployd\novel-online
max socket is  Infinity
Working directory: C:\Workspace\deployd\novel-online
max socket is  Infinity
Working directory: C:\Workspace\deployd\novel-online
max socket is  Infinity
Working directory: C:\Workspace\deployd\novel-online
max socket is  Infinity
Working directory: C:\Workspace\deployd\novel-online
max socket is  Infinity
Working directory: C:\Workspace\deployd\novel-online
max socket is  Infinity
Working directory: C:\Workspace\deployd\novel-online
max socket is  Infinity
Working directory: C:\Workspace\deployd\novel-online
max socket is  Infinity
Working directory: C:\Workspace\deployd\novel-online
max socket is  Infinity
Working directory: C:\Workspace\deployd\novel-online
max socket is  Infinity
Working directory: C:\Workspace\deployd\novel-online
max socket is  Infinity
Working directory: C:\Workspace\deployd\novel-online
max socket is  Infinity
Working directory: C:\Workspace\deployd\novel-online
max socket is  Infinity
Working directory: C:\Workspace\deployd\novel-online
max socket is  Infinity
Working directory: C:\Workspace\deployd\novel-online
max socket is  Infinity
Working directory: C:\Workspace\deployd\novel-online
max socket is  Infinity
Working directory: C:\Workspace\deployd\novel-online
max socket is  Infinity
Working directory: C:\Workspace\deployd\novel-online
max socket is  Infinity
Working directory: C:\Workspace\deployd\novel-online
max socket is  Infinity
Working directory: C:\Workspace\deployd\novel-online
max socket is  Infinity
Working directory: C:\Workspace\deployd\novel-online
max socket is  Infinity
Working directory: C:\Workspace\deployd\novel-online
max socket is  Infinity
Working directory: C:\Workspace\deployd\novel-online
max socket is  Infinity
Working directory: C:\Workspace\deployd\novel-online
max socket is  Infinity
Working directory: C:\Workspace\deployd\novel-online
max socket is  Infinity
Working directory: C:\Workspace\deployd\novel-online
max socket is  Infinity
Working directory: C:\Workspace\deployd\novel-online
max socket is  Infinity
Working directory: C:\Workspace\deployd\novel-online
max socket is  Infinity
Working directory: C:\Workspace\deployd\novel-online
max socket is  Infinity
Working directory: C:\Workspace\deployd\novel-online
max socket is  Infinity
Working directory: C:\Workspace\deployd\novel-online
max socket is  Infinity
Working directory: C:\Workspace\deployd\novel-online
max socket is  Infinity
Working directory: C:\Workspace\deployd\novel-online
max socket is  Infinity
Working directory: C:\Workspace\deployd\novel-online
max socket is  Infinity
Working directory: C:\Workspace\deployd\novel-online
max socket is  Infinity
Working directory: C:\Workspace\deployd\novel-online
max socket is  Infinity
Working directory: C:\Workspace\deployd\novel-online
max socket is  Infinity
Working directory: C:\Workspace\deployd\novel-online
max socket is  Infinity
Working directory: C:\Workspace\deployd\novel-online
max socket is  Infinity
Working directory: C:\Workspace\deployd\novel-online
max socket is  Infinity
Working directory: C:\Workspace\deployd\novel-online
max socket is  Infinity
Working directory: C:\Workspace\deployd\novel-online
max socket is  Infinity
Working directory: C:\Workspace\deployd\novel-online
max socket is  Infinity
Working directory: C:\Workspace\deployd\novel-online
max socket is  Infinity
Working directory: C:\Workspace\deployd\novel-online
max socket is  Infinity
Working directory: C:\Workspace\deployd\novel-online
max socket is  Infinity
Working directory: C:\Workspace\deployd\novel-online
max socket is  Infinity
Working directory: C:\Workspace\deployd\novel-online
max socket is  Infinity
Working directory: C:\Workspace\deployd\novel-online
max socket is  Infinity
Working directory: C:\Workspace\deployd\novel-online
max socket is  Infinity
Working directory: C:\Workspace\deployd\novel-online
max socket is  Infinity
Working directory: C:\Workspace\deployd\novel-online
max socket is  Infinity
Working directory: C:\Workspace\deployd\novel-online
max socket is  Infinity
Working directory: C:\Workspace\deployd\novel-online
max socket is  Infinity
Working directory: C:\Workspace\deployd\novel-online
max socket is  Infinity
Working directory: C:\Workspace\deployd\novel-online
max socket is  Infinity
Working directory: C:\Workspace\deployd\novel-online
max socket is  Infinity
Working directory: C:\Workspace\deployd\novel-online
max socket is  Infinity
Working directory: C:\Workspace\deployd\novel-online
max socket is  Infinity
Working directory: C:\Workspace\deployd\novel-online
max socket is  Infinity
Working directory: C:\Workspace\deployd\novel-online
max socket is  Infinity
Working directory: C:\Workspace\deployd\novel-online
max socket is  Infinity
Working directory: C:\Workspace\deployd\novel-online
max socket is  Infinity
Working directory: C:\Workspace\deployd\novel-online
max socket is  Infinity
Working directory: C:\Workspace\deployd\novel-online
max socket is  Infinity
Working directory: C:\Workspace\deployd\novel-online
max socket is  Infinity
Working directory: C:\Workspace\deployd\novel-online
max socket is  Infinity
Working directory: C:\Workspace\deployd\novel-online
max socket is  Infinity
Working directory: C:\Workspace\deployd\novel-online
max socket is  Infinity
Working directory: C:\Workspace\deployd\novel-online
max socket is  Infinity
Working directory: C:\Workspace\deployd\novel-online
max socket is  Infinity
Working directory: C:\Workspace\deployd\novel-online
max socket is  Infinity
Working directory: C:\Workspace\deployd\novel-online
max socket is  Infinity
Working directory: C:\Workspace\deployd\novel-online
max socket is  Infinity
Working directory: C:\Workspace\deployd\novel-online
max socket is  Infinity
Working directory: C:\Workspace\deployd\novel-online
max socket is  Infinity
Working directory: C:\Workspace\deployd\novel-online
max socket is  Infinity
Working directory: C:\Workspace\deployd\novel-online
max socket is  Infinity
Working directory: C:\Workspace\deployd\novel-online
max socket is  Infinity
Working directory: C:\Workspace\deployd\novel-online
max socket is  Infinity
Working directory: C:\Workspace\deployd\novel-online
max socket is  Infinity
Working directory: C:\Workspace\deployd\novel-online
max socket is  Infinity
Working directory: C:\Workspace\deployd\novel-online
max socket is  Infinity
Working directory: C:\Workspace\deployd\novel-online
max socket is  Infinity
Working directory: C:\Workspace\deployd\novel-online
max socket is  Infinity
Working directory: C:\Workspace\deployd\novel-online
max socket is  Infinity
Working directory: C:\Workspace\deployd\novel-online
max socket is  Infinity
Working directory: C:\Workspace\deployd\novel-online
max socket is  Infinity
Working directory: C:\Workspace\deployd\novel-online
max socket is  Infinity
Working directory: C:\Workspace\deployd\novel-online
max socket is  Infinity
Working directory: C:\Workspace\deployd\novel-online
max socket is  Infinity
Working directory: C:\Workspace\deployd\novel-online
max socket is  Infinity
Working directory: C:\Workspace\deployd\novel-online
max socket is  Infinity
Working directory: C:\Workspace\deployd\novel-online
max socket is  Infinity
Working directory: C:\Workspace\deployd\novel-online
max socket is  Infinity
Working directory: C:\Workspace\deployd\novel-online
max socket is  Infinity
Working directory: C:\Workspace\deployd\novel-online
max socket is  Infinity
Working directory: C:\Workspace\deployd\novel-online
max socket is  Infinity
Working directory: C:\Workspace\deployd\novel-online
max socket is  Infinity
Working directory: C:\Workspace\deployd\novel-online
max socket is  Infinity
Working directory: C:\Workspace\deployd\novel-online
max socket is  Infinity
Working directory: C:\Workspace\deployd\novel-online
max socket is  Infinity
Working directory: C:\Workspace\deployd\novel-online
max socket is  Infinity
Working directory: C:\Workspace\deployd\novel-online
max socket is  Infinity
Working directory: C:\Workspace\deployd\novel-online
max socket is  Infinity
Working directory: C:\Workspace\deployd\novel-online
max socket is  Infinity
Working directory: C:\Workspace\deployd\novel-online
max socket is  Infinity
Working directory: C:\Workspace\deployd\novel-online
max socket is  Infinity
Server is listening on port 443
NODE_ENV=development
DPD_ENV=development
max socket is  Infinity
Working directory: C:\Workspace\deployd\novel-online
Server is listening on port 443
NODE_ENV=development
DPD_ENV=[object Object]
max socket is  Infinity
Working directory: C:\Workspace\deployd\novel-online
Server is listening on port 443
NODE_ENV=development
DPD_ENV=[object Object]
